YES
61 463 35407
YES
2 121 4132231
YES
3 7 47619043
YES
2 31249997 16
YES
5 127 1574803
YES
2 3 166666651
NO
YES
4 17 14705881
YES
9 59 1883239
YES
2 5 99999991
YES
529 103 18353
YES
8 3 41666663
YES
11 5237 17359
YES
2 3853 129769
YES
3 5 66666661
YES
4 43 5813953
YES
7 73 1956947
YES
2 729 685871
NO
YES
16 5 12499999
NO
YES
2 31 16129031
NO
YES
4 3 83333327
YES
25 17 2352941
YES
2 71 7042253
YES
9 1061 104723
YES
2 124999991 4
NO
YES
2 3 166666655
NO
YES
4 673 371471
YES
3 79 4219409
YES
2 23 21739129
YES
5 11 18181817
YES
64 9 1736111
NO
YES
2 49 10204081
NO
YES
4 5 49999997
YES
113 149 59393
YES
2 3 166666657
NO
YES
8 19 6578947
YES
27 5 7407407
YES
2 11 45454543
NO
YES
4 3 83333329
YES
13 4091 18803
YES
2 25 19999999
YES
3 599 556483
YES
16 7 8928571
YES
29 31 1112347
YES
2 9 55555553
NO
YES
4 487 513347
YES
3 11 30303029
YES
2 107 4672897
YES
7 17 8403361
YES
8 3 41666665
NO
YES
2 13 38461537
YES
9 361 307787
NO
YES
5 47 4255319
YES
2 3 166666661
NO
YES
32 11 2840909
YES
3 1097 303859
YES
2 5 99999997
NO
YES
4 27 9259259
YES
7 997 143287
YES
2 197 2538071
YES
3 25 13333333
YES
8 17 7352941
NO
YES
2 3 166666663
NO
YES
4 5 49999999
NO
YES
2 19 26315789
NO
YES
16 3 20833333
YES
5 743 269179
NO
YES
3 49 6802721
YES
4 13 19230769
NO
YES
2 9 55555555
NO
YES
8 499 250501
YES
3 17 19607843
YES
2 7 71428571
YES
5 89 2247191
YES
4 3 83333333
YES
71 2251 6257
YES
2 691 723589
YES
81 37 333667
YES
2 5 100000000